2023-05-30 13:35:19,270 [main] INFO  i.p.MIIChatbot.MiiChatbotApplication - Starting MiiChatbotApplication using Java 17.0.7 with PID 20116 (D:\Repos\MIIChatbot\target\classes started by Max in D:\Repos\MIIChatbot)
2023-05-30 13:35:19,285 [main] INFO  i.p.MIIChatbot.MiiChatbotApplication - No active profile set, falling back to 1 default profile: "default"
2023-05-30 13:35:24,440 [main] INFO  i.p.MIIChatbot.MiiChatbotApplication - Started MiiChatbotApplication in 5.999 seconds (process running for 8.085)
2023-05-30 13:35:58,693 [MIIChat_bot Telegram Executor] INFO  i.p.MIIChatbot.service.TelegramBot - Replied to user Song_of_Rainbow
2023-05-30 13:36:00,799 [MIIChat_bot Telegram Executor] INFO  i.p.MIIChatbot.service.TelegramBot - Sent speaker instructions!
2023-05-30 14:15:57,490 [main] INFO  i.p.MIIChatbot.MiiChatbotApplication - Starting MiiChatbotApplication using Java 17.0.7 with PID 23376 (D:\Repos\MIIChatbot\target\classes started by Max in D:\Repos\MIIChatbot)
2023-05-30 14:15:57,515 [main] INFO  i.p.MIIChatbot.MiiChatbotApplication - No active profile set, falling back to 1 default profile: "default"
2023-05-30 14:16:00,881 [main] INFO  i.p.MIIChatbot.MiiChatbotApplication - Started MiiChatbotApplication in 3.95 seconds (process running for 5.163)
2023-05-30 14:16:04,429 [MIIChat_bot Telegram Executor] INFO  i.p.MIIChatbot.service.TelegramBot - Replied to user Song_of_Rainbow
2023-05-30 14:54:49,723 [main] INFO  i.p.MIIChatbot.MiiChatbotApplication - Starting MiiChatbotApplication using Java 17.0.7 with PID 9700 (D:\Repos\MIIChatbot\target\classes started by Max in D:\Repos\MIIChatbot)
2023-05-30 14:54:49,737 [main] INFO  i.p.MIIChatbot.MiiChatbotApplication - No active profile set, falling back to 1 default profile: "default"
2023-05-30 14:54:54,889 [main] INFO  i.p.MIIChatbot.MiiChatbotApplication - Started MiiChatbotApplication in 6.662 seconds (process running for 8.735)
2023-05-30 14:54:57,237 [MIIChat_bot Telegram Executor] INFO  i.p.MIIChatbot.service.TelegramBot - Replied to user Song_of_Rainbow
2023-05-30 14:55:04,293 [MIIChat_bot Telegram Executor] INFO  i.p.MIIChatbot.service.TelegramBot - Sent speaker instructions!
2023-05-30 14:57:18,889 [main] INFO  o.s.t.c.s.AnnotationConfigContextLoaderUtils - Could not detect default configuration classes for test class [io.project.MIIChatbot.MiiChatbotApplicationTests]: MiiChatbotApplicationTests does not declare any static, non-private, non-final, nested classes annotated with @Configuration.
2023-05-30 14:57:19,329 [main] INFO  o.s.b.t.c.SpringBootTestContextBootstrapper - Found @SpringBootConfiguration io.project.MIIChatbot.MiiChatbotApplication for test class io.project.MIIChatbot.MiiChatbotApplicationTests
2023-05-30 14:57:20,493 [main] INFO  i.p.M.MiiChatbotApplicationTests - Starting MiiChatbotApplicationTests using Java 17.0.6 with PID 21076 (started by Max in D:\Repos\MIIChatbot)
2023-05-30 14:57:20,498 [main] INFO  i.p.M.MiiChatbotApplicationTests - No active profile set, falling back to 1 default profile: "default"
2023-05-30 14:57:24,370 [main] INFO  i.p.M.MiiChatbotApplicationTests - Started MiiChatbotApplicationTests in 4.463 seconds (process running for 7.7)
2023-05-30 15:00:37,879 [main] INFO  i.p.MIIChatbot.MiiChatbotApplication - Starting MiiChatbotApplication using Java 17.0.7 with PID 1824 (D:\Repos\MIIChatbot\target\classes started by Max in D:\Repos\MIIChatbot)
2023-05-30 15:00:37,887 [main] INFO  i.p.MIIChatbot.MiiChatbotApplication - No active profile set, falling back to 1 default profile: "default"
2023-05-30 15:00:42,381 [main] INFO  i.p.MIIChatbot.MiiChatbotApplication - Started MiiChatbotApplication in 5.334 seconds (process running for 6.969)
2023-05-30 15:00:43,193 [MIIChat_bot Telegram Executor] INFO  i.p.MIIChatbot.service.TelegramBot - Replied to user Song_of_Rainbow
2023-05-30 15:00:45,600 [MIIChat_bot Telegram Executor] INFO  i.p.MIIChatbot.service.TelegramBot - Sent speaker instructions!
2023-05-30 15:02:53,335 [main] INFO  i.p.MIIChatbot.MiiChatbotApplication - Starting MiiChatbotApplication using Java 17.0.7 with PID 22532 (D:\Repos\MIIChatbot\target\classes started by Max in D:\Repos\MIIChatbot)
2023-05-30 15:02:53,377 [main] INFO  i.p.MIIChatbot.MiiChatbotApplication - No active profile set, falling back to 1 default profile: "default"
2023-05-30 15:02:58,074 [main] INFO  i.p.MIIChatbot.MiiChatbotApplication - Started MiiChatbotApplication in 5.923 seconds (process running for 7.426)
2023-05-30 15:02:58,748 [MIIChat_bot Telegram Executor] INFO  i.p.MIIChatbot.service.TelegramBot - Sent speaker instructions!
